<?xml version="1.0" encoding="UTF-8"?>
<!-- Generated by org.testng.reporters.JUnitReportReporter -->
<testsuite hostname="Venkatas-MacBook-Pro.local" failures="0" tests="1" name="FaceBook.VerifyStatusUpdate" time="84.679" errors="0" timestamp="2020-01-20T20:29:47 GST" skipped="0">
  <testcase classname="FaceBook.VerifyStatusUpdate" name="LoginVerification" time="84.679"/>
  <system-out>
Verify face book status post message Verify Login method  Verified Language Link validation is successfull Verified username text field validation is successfull Verified password text field validation is successfull Verified Signin button field validation is successfull Verified Login Successfully  validation is successfull Verify Login method  End Verify post Message  Verify  Status text area  validation is successfull Verify  Status submit button  validation is successfull Verify post Message End  Verify poste status  Message  Verify  Status Posted meassge  validation is successfull Verified Successfully  status posted message validation is successfull  </system-out>
</testsuite> <!-- FaceBook.VerifyStatusUpdate -->
